0 verbose cli /usr/local/bin/node /usr/local/bin/npm
1 info using npm@10.8.2
2 info using node@v20.19.5
3 silly config load:file:/usr/local/lib/node_modules/npm/npmrc
4 silly config load:file:/Users/toolboxb/Desktop/ZAMA/十一月项目/戒烟戒酒/action/contracts/.npmrc
5 silly config load:file:/Users/toolboxb/.npmrc
6 silly config load:file:/usr/local/etc/npmrc
7 verbose title npm install
8 verbose argv "install"
9 verbose logfile logs-max:10 dir:/Users/toolboxb/Desktop/ZAMA/十一月项目/戒烟戒酒/action/contracts/.npm-cache/_logs/2025-11-05T06_09_27_523Z-
10 verbose logfile /Users/toolboxb/Desktop/ZAMA/十一月项目/戒烟戒酒/action/contracts/.npm-cache/_logs/2025-11-05T06_09_27_523Z-debug-0.log
11 silly packumentCache heap:4345298944 maxSize:1086324736 maxEntrySize:543162368
12 silly logfile done cleaning log files
13 silly idealTree buildDeps
14 silly fetch manifest @zama-fhe/oracle-solidity@^0.1.0
15 silly packumentCache full:https://registry.npmjs.org/@zama-fhe%2foracle-solidity cache-miss
16 http fetch GET 200 https://registry.npmjs.org/@zama-fhe%2foracle-solidity 1386ms (cache miss)
17 silly packumentCache full:https://registry.npmjs.org/@zama-fhe%2foracle-solidity set size:undefined disposed:false
18 silly placeDep ROOT @zama-fhe/oracle-solidity@0.1.0 OK for: challenge-fhe-contracts@0.1.0 want: ^0.1.0
19 silly fetch manifest @openzeppelin/contracts-upgradeable@^5.0.2
20 silly packumentCache full:https://registry.npmjs.org/@openzeppelin%2fcontracts-upgradeable cache-miss
21 http fetch GET 200 https://registry.npmjs.org/@openzeppelin%2fcontracts-upgradeable 909ms (cache miss)
22 silly packumentCache full:https://registry.npmjs.org/@openzeppelin%2fcontracts-upgradeable set size:undefined disposed:false
23 silly fetch manifest @openzeppelin/contracts@5.4.0
24 silly packumentCache full:https://registry.npmjs.org/@openzeppelin%2fcontracts cache-miss
25 http fetch GET 200 https://registry.npmjs.org/@openzeppelin%2fcontracts 5ms (cache hit)
26 silly packumentCache full:https://registry.npmjs.org/@openzeppelin%2fcontracts set size:236241 disposed:false
27 silly placeDep ROOT @openzeppelin/contracts-upgradeable@5.4.0 OK for: @zama-fhe/oracle-solidity@0.1.0 want: ^5.0.2
28 silly reify moves {}
29 silly audit bulk request {
29 silly audit   '@adraffy/ens-normalize': [ '1.10.1' ],
29 silly audit   '@cspotcode/source-map-support': [ '0.8.1' ],
29 silly audit   '@ethereumjs/rlp': [ '5.0.2', '4.0.1' ],
29 silly audit   '@ethereumjs/util': [ '9.1.0', '8.1.0' ],
29 silly audit   '@noble/curves': [ '1.4.2', '1.2.0', '1.8.2' ],
29 silly audit   '@noble/hashes': [ '1.4.0', '1.3.2', '1.2.0', '1.8.0', '1.7.2' ],
29 silly audit   'ethereum-cryptography': [ '2.2.1', '1.2.0', '0.1.3' ],
29 silly audit   '@ethersproject/abi': [ '5.8.0' ],
29 silly audit   '@ethersproject/abstract-provider': [ '5.8.0' ],
29 silly audit   '@ethersproject/abstract-signer': [ '5.8.0' ],
29 silly audit   '@ethersproject/address': [ '5.8.0', '5.6.1' ],
29 silly audit   '@ethersproject/base64': [ '5.8.0' ],
29 silly audit   '@ethersproject/basex': [ '5.8.0' ],
29 silly audit   '@ethersproject/bignumber': [ '5.8.0' ],
29 silly audit   '@ethersproject/bytes': [ '5.8.0' ],
29 silly audit   '@ethersproject/constants': [ '5.8.0' ],
29 silly audit   '@ethersproject/contracts': [ '5.8.0' ],
29 silly audit   '@ethersproject/hash': [ '5.8.0' ],
29 silly audit   '@ethersproject/hdnode': [ '5.8.0' ],
29 silly audit   '@ethersproject/json-wallets': [ '5.8.0' ],
29 silly audit   'aes-js': [ '3.0.0', '4.0.0-beta.5' ],
29 silly audit   '@ethersproject/keccak256': [ '5.8.0' ],
29 silly audit   '@ethersproject/logger': [ '5.8.0' ],
29 silly audit   '@ethersproject/networks': [ '5.8.0' ],
29 silly audit   '@ethersproject/pbkdf2': [ '5.8.0' ],
29 silly audit   '@ethersproject/properties': [ '5.8.0' ],
29 silly audit   '@ethersproject/providers': [ '5.8.0' ],
29 silly audit   ws: [ '8.18.0', '7.5.10', '8.17.1' ],
29 silly audit   '@ethersproject/random': [ '5.8.0' ],
29 silly audit   '@ethersproject/rlp': [ '5.8.0' ],
29 silly audit   '@ethersproject/sha2': [ '5.8.0' ],
29 silly audit   '@ethersproject/signing-key': [ '5.8.0' ],
29 silly audit   '@ethersproject/solidity': [ '5.8.0' ],
29 silly audit   '@ethersproject/strings': [ '5.8.0' ],
29 silly audit   '@ethersproject/transactions': [ '5.8.0' ],
29 silly audit   '@ethersproject/units': [ '5.8.0' ],
29 silly audit   '@ethersproject/wallet': [ '5.8.0' ],
29 silly audit   '@ethersproject/web': [ '5.8.0' ],
29 silly audit   '@ethersproject/wordlists': [ '5.8.0' ],
29 silly audit   '@fastify/busboy': [ '2.1.1' ],
29 silly audit   '@fhevm/solidity': [ '0.8.0' ],
29 silly audit   '@jridgewell/resolve-uri': [ '3.1.2' ],
29 silly audit   '@jridgewell/sourcemap-codec': [ '1.5.5' ],
29 silly audit   '@jridgewell/trace-mapping': [ '0.3.9' ],
29 silly audit   '@noble/secp256k1': [ '1.7.1' ],
29 silly audit   '@nodelib/fs.scandir': [ '2.1.5' ],
29 silly audit   '@nodelib/fs.stat': [ '2.0.5' ],
29 silly audit   '@nodelib/fs.walk': [ '1.2.8' ],
29 silly audit   '@nomicfoundation/edr': [ '0.11.3' ],
29 silly audit   '@nomicfoundation/edr-darwin-arm64': [ '0.11.3' ],
29 silly audit   '@nomicfoundation/edr-darwin-x64': [ '0.11.3' ],
29 silly audit   '@nomicfoundation/edr-linux-arm64-gnu': [ '0.11.3' ],
29 silly audit   '@nomicfoundation/edr-linux-arm64-musl': [ '0.11.3' ],
29 silly audit   '@nomicfoundation/edr-linux-x64-gnu': [ '0.11.3' ],
29 silly audit   '@nomicfoundation/edr-linux-x64-musl': [ '0.11.3' ],
29 silly audit   '@nomicfoundation/edr-win32-x64-msvc': [ '0.11.3' ],
29 silly audit   '@nomicfoundation/hardhat-chai-matchers': [ '2.1.0' ],
29 silly audit   '@nomicfoundation/hardhat-ethers': [ '3.1.2' ],
29 silly audit   '@nomicfoundation/hardhat-ignition': [ '0.15.15' ],
29 silly audit   '@nomicfoundation/hardhat-ignition-ethers': [ '0.15.16' ],
29 silly audit   '@nomicfoundation/hardhat-network-helpers': [ '1.1.2' ],
29 silly audit   '@nomicfoundation/hardhat-toolbox': [ '5.0.0' ],
29 silly audit   '@nomicfoundation/hardhat-verify': [ '2.1.3' ],
29 silly audit   '@nomicfoundation/ignition-core': [ '0.15.14' ],
29 silly audit   cbor: [ '9.0.2', '8.1.0' ],
29 silly audit   '@nomicfoundation/ignition-ui': [ '0.15.13' ],
29 silly audit   '@nomicfoundation/solidity-analyzer': [ '0.1.2' ],
29 silly audit   '@nomicfoundation/solidity-analyzer-darwin-arm64': [ '0.1.2' ],
29 silly audit   '@nomicfoundation/solidity-analyzer-darwin-x64': [ '0.1.2' ],
29 silly audit   '@nomicfoundation/solidity-analyzer-linux-arm64-gnu': [ '0.1.2' ],
29 silly audit   '@nomicfoundation/solidity-analyzer-linux-arm64-musl': [ '0.1.2' ],
29 silly audit   '@nomicfoundation/solidity-analyzer-linux-x64-gnu': [ '0.1.2' ],
29 silly audit   '@nomicfoundation/solidity-analyzer-linux-x64-musl': [ '0.1.2' ],
29 silly audit   '@nomicfoundation/solidity-analyzer-win32-x64-msvc': [ '0.1.2' ],
29 silly audit   '@openzeppelin/contracts': [ '5.4.0' ],
29 silly audit   '@scure/base': [ '1.2.6', '1.1.9' ],
29 silly audit   '@scure/bip32': [ '1.4.0', '1.1.5' ],
29 silly audit   '@scure/bip39': [ '1.3.0', '1.1.1' ],
29 silly audit   '@sentry/core': [ '5.30.0' ],
29 silly audit   tslib: [ '1.14.1', '2.7.0' ],
29 silly audit   '@sentry/hub': [ '5.30.0' ],
29 silly audit   '@sentry/minimal': [ '5.30.0' ],
29 silly audit   '@sentry/node': [ '5.30.0' ],
29 silly audit   '@sentry/tracing': [ '5.30.0' ],
29 silly audit   '@sentry/types': [ '5.30.0' ],
29 silly audit   '@sentry/utils': [ '5.30.0' ],
29 silly audit   '@solidity-parser/parser': [ '0.14.5', '0.20.2' ],
29 silly audit   '@tsconfig/node10': [ '1.0.11' ],
29 silly audit   '@tsconfig/node12': [ '1.0.11' ],
29 silly audit   '@tsconfig/node14': [ '1.0.3' ],
29 silly audit   '@tsconfig/node16': [ '1.0.4' ],
29 silly audit   '@typechain/ethers-v6': [ '0.5.1' ],
29 silly audit   '@typechain/hardhat': [ '9.1.0' ],
29 silly audit   'fs-extra': [ '9.1.0', '10.1.0', '7.0.1', '8.1.0' ],
29 silly audit   '@types/bn.js': [ '5.2.0' ],
29 silly audit   '@types/chai': [ '4.3.20' ],
29 silly audit   '@types/chai-as-promised': [ '7.1.8' ],
29 silly audit   '@types/concat-stream': [ '1.6.1' ],
29 silly audit   '@types/form-data': [ '0.0.33' ],
29 silly audit   '@types/glob': [ '7.2.0' ],
29 silly audit   '@types/minimatch': [ '5.1.2' ],
29 silly audit   '@types/mocha': [ '10.0.10' ],
29 silly audit   '@types/node': [ '20.19.24', '22.7.5', '10.17.60', '8.10.66' ],
29 silly audit   '@types/pbkdf2': [ '3.1.2' ],
29 silly audit   '@types/prettier': [ '2.7.3' ],
29 silly audit   '@types/qs': [ '6.14.0' ],
29 silly audit   '@types/secp256k1': [ '4.0.7' ],
29 silly audit   abbrev: [ '1.0.9' ],
29 silly audit   acorn: [ '8.15.0' ],
29 silly audit   'acorn-walk': [ '8.3.4' ],
29 silly audit   'adm-zip': [ '0.4.16' ],
29 silly audit   'agent-base': [ '6.0.2' ],
29 silly audit   'aggregate-error': [ '3.1.0' ],
29 silly audit   ajv: [ '8.17.1' ],
29 silly audit   amdefine: [ '1.0.1' ],
29 silly audit   'ansi-align': [ '3.0.1' ],
29 silly audit   'ansi-colors': [ '4.1.3' ],
29 silly audit   'ansi-escapes': [ '4.3.2' ],
29 silly audit   'ansi-regex': [ '5.0.1', '3.0.1' ],
29 silly audit   'ansi-styles': [ '4.3.0', '3.2.1' ],
29 silly audit   antlr4ts: [ '0.5.0-alpha.4' ],
29 silly audit   anymatch: [ '3.1.3' ],
29 silly audit   arg: [ '4.1.3' ],
29 silly audit   argparse: [ '2.0.1', '1.0.10' ],
29 silly audit   'array-back': [ '3.1.0', '4.0.2' ],
29 silly audit   'array-union': [ '2.1.0' ],
29 silly audit   'array-uniq': [ '1.0.3' ],
29 silly audit   asap: [ '2.0.6' ],
29 silly audit   'assertion-error': [ '1.1.0' ],
29 silly audit   'astral-regex': [ '2.0.0' ],
29 silly audit   async: [ '1.5.2' ],
29 silly audit   asynckit: [ '0.4.0' ],
29 silly audit   'at-least-node': [ '1.0.0' ],
29 silly audit   'available-typed-arrays': [ '1.0.7' ],
29 silly audit   axios: [ '1.13.2' ],
29 silly audit   'balanced-match': [ '1.0.2' ],
29 silly audit   'base-x': [ '3.0.11' ],
29 silly audit   bech32: [ '1.1.4' ],
29 silly audit   'binary-extensions': [ '2.3.0' ],
29 silly audit   blakejs: [ '1.2.1' ],
29 silly audit   'bn.js': [ '5.2.2', '4.12.2', '4.11.6' ],
29 silly audit   boxen: [ '5.1.2' ],
29 silly audit   'type-fest': [ '0.20.2', '0.7.1', '0.21.3' ],
29 silly audit   'brace-expansion': [ '2.0.2', '1.1.12' ],
29 silly audit   braces: [ '3.0.3' ],
29 silly audit   brorand: [ '1.1.0' ],
29 silly audit   'browser-stdout': [ '1.3.1' ],
29 silly audit   'browserify-aes': [ '1.2.0' ],
29 silly audit   bs58: [ '4.0.1' ],
29 silly audit   bs58check: [ '2.1.2' ],
29 silly audit   'buffer-from': [ '1.1.2' ],
29 silly audit   'buffer-xor': [ '1.0.3' ],
29 silly audit   bytes: [ '3.1.2' ],
29 silly audit   'call-bind': [ '1.0.8' ],
29 silly audit   'call-bind-apply-helpers': [ '1.0.2' ],
29 silly audit   'call-bound': [ '1.0.4' ],
29 silly audit   camelcase: [ '6.3.0' ],
29 silly audit   caseless: [ '0.12.0' ],
29 silly audit   chai: [ '4.5.0' ],
29 silly audit   'chai-as-promised': [ '7.1.2' ],
29 silly audit   chalk: [ '4.1.2', '2.4.2' ],
29 silly audit   charenc: [ '0.0.2' ],
29 silly audit   'check-error': [ '1.0.3' ],
29 silly audit   chokidar: [ '4.0.3', '3.6.0' ],
29 silly audit   'ci-info': [ '2.0.0' ],
29 silly audit   'cipher-base': [ '1.0.7' ],
29 silly audit   'clean-stack': [ '2.2.0' ],
29 silly audit   'cli-boxes': [ '2.2.1' ],
29 silly audit   'cli-table3': [ '0.5.1' ],
29 silly audit   'is-fullwidth-code-point': [ '2.0.0', '3.0.0' ],
29 silly audit   'string-width': [ '2.1.1', '4.2.3' ],
29 silly audit   'strip-ansi': [ '4.0.0', '6.0.1' ],
29 silly audit   cliui: [ '7.0.4' ],
29 silly audit   'color-convert': [ '2.0.1', '1.9.3' ],
29 silly audit   'color-name': [ '1.1.4', '1.1.3' ],
29 silly audit   colors: [ '1.4.0' ],
29 silly audit   'combined-stream': [ '1.0.8' ],
29 silly audit   'command-exists': [ '1.2.9' ],
29 silly audit   'command-line-args': [ '5.2.1' ],
29 silly audit   'command-line-usage': [ '6.1.3' ],
29 silly audit   'escape-string-regexp': [ '1.0.5', '4.0.0' ],
29 silly audit   'has-flag': [ '3.0.0', '4.0.0', '1.0.0' ],
29 silly audit   'supports-color': [ '5.5.0', '8.1.1', '3.2.3', '7.2.0' ],
29 silly audit   typical: [ '5.2.0', '4.0.0' ],
29 silly audit   commander: [ '8.3.0' ],
29 silly audit   'concat-map': [ '0.0.1' ],
29 silly audit   'concat-stream': [ '1.6.2' ],
29 silly audit   isarray: [ '1.0.0', '2.0.5' ],
29 silly audit   'readable-stream': [ '2.3.8', '3.6.2' ],
29 silly audit   'safe-buffer': [ '5.1.2', '5.2.1' ],
29 silly audit   string_decoder: [ '1.1.1', '1.3.0' ],
29 silly audit   cookie: [ '0.4.2' ],
29 silly audit   'core-util-is': [ '1.0.3' ],
29 silly audit   'create-hash': [ '1.2.0' ],
29 silly audit   'create-hmac': [ '1.1.7' ],
29 silly audit   'create-require': [ '1.1.1' ],
29 silly audit   crypt: [ '0.0.2' ],
29 silly audit   death: [ '1.1.0' ],
29 silly audit   debug: [ '4.4.3' ],
29 silly audit   decamelize: [ '4.0.0' ],
29 silly audit   'deep-eql': [ '4.1.4' ],
29 silly audit   'deep-extend': [ '0.6.0' ],
29 silly audit   'deep-is': [ '0.1.4' ],
29 silly audit   'define-data-property': [ '1.1.4' ],
29 silly audit   'delayed-stream': [ '1.0.0' ],
29 silly audit   depd: [ '2.0.0' ],
29 silly audit   diff: [ '5.2.0', '4.0.2' ],
29 silly audit   difflib: [ '0.2.4' ],
29 silly audit   'dir-glob': [ '3.0.1' ],
29 silly audit   dotenv: [ '16.6.1' ],
29 silly audit   'dunder-proto': [ '1.0.1' ],
29 silly audit   elliptic: [ '6.6.1' ],
29 silly audit   'emoji-regex': [ '8.0.0' ],
29 silly audit   'encrypted-types': [ '0.0.4' ],
29 silly audit   enquirer: [ '2.4.1' ],
29 silly audit   'env-paths': [ '2.2.1' ],
29 silly audit   'es-define-property': [ '1.0.1' ],
29 silly audit   'es-errors': [ '1.3.0' ],
29 silly audit   'es-object-atoms': [ '1.1.1' ],
29 silly audit   'es-set-tostringtag': [ '2.1.0' ],
29 silly audit   escalade: [ '3.2.0' ],
29 silly audit   escodegen: [ '1.8.1' ],
29 silly audit   esprima: [ '2.7.3', '4.0.1' ],
29 silly audit   estraverse: [ '1.9.3' ],
29 silly audit   esutils: [ '2.0.3' ],
29 silly audit   'eth-gas-reporter': [ '0.2.27' ],
29 silly audit   ethers: [ '5.8.0', '6.15.0' ],
29 silly audit   'ethereum-bloom-filters': [ '1.2.0' ],
29 silly audit   'ethereumjs-util': [ '7.1.5' ],
29 silly audit   'undici-types': [ '6.19.8', '6.21.0' ],
29 silly audit   'ethjs-unit': [ '0.1.6' ],
29 silly audit   evp_bytestokey: [ '1.0.3' ],
29 silly audit   'fast-deep-equal': [ '3.1.3' ],
29 silly audit   'fast-glob': [ '3.3.3' ],
29 silly audit   'fast-levenshtein': [ '2.0.6' ],
29 silly audit   'fast-uri': [ '3.1.0' ],
29 silly audit   fastq: [ '1.19.1' ],
29 silly audit   'fill-range': [ '7.1.1' ],
29 silly audit   'find-replace': [ '3.0.0' ],
29 silly audit   'find-up': [ '5.0.0' ],
29 silly audit   flat: [ '5.0.2' ],
29 silly audit   'follow-redirects': [ '1.15.11' ],
29 silly audit   'for-each': [ '0.3.5' ],
29 silly audit   'form-data': [ '4.0.4', '2.5.5' ],
29 silly audit   'fp-ts': [ '1.19.3' ],
29 silly audit   'fs-readdir-recursive': [ '1.1.0' ],
29 silly audit   'fs.realpath': [ '1.0.0' ],
29 silly audit   fsevents: [ '2.3.3' ],
29 silly audit   'function-bind': [ '1.1.2' ],
29 silly audit   'get-caller-file': [ '2.0.5' ],
29 silly audit   'get-func-name': [ '2.0.2' ],
29 silly audit   'get-intrinsic': [ '1.3.0' ],
29 silly audit   'get-port': [ '3.2.0' ],
29 silly audit   'get-proto': [ '1.0.1' ],
29 silly audit   'ghost-testrpc': [ '0.0.2' ],
29 silly audit   glob: [ '8.1.0', '7.2.3', '5.0.15', '7.1.7' ],
29 silly audit   'glob-parent': [ '5.1.2' ],
29 silly audit   'global-modules': [ '2.0.0' ],
29 silly audit   'global-prefix': [ '3.0.0' ],
29 silly audit   globby: [ '10.0.2' ],
29 silly audit   minimatch: [ '3.1.2', '5.1.6' ],
29 silly audit   gopd: [ '1.2.0' ],
29 silly audit   'graceful-fs': [ '4.2.11' ],
29 silly audit   handlebars: [ '4.7.8' ],
29 silly audit   'source-map': [ '0.6.1', '0.2.0' ],
29 silly audit   hardhat: [ '2.26.5' ],
29 silly audit   'hardhat-gas-reporter': [ '1.0.10' ],
29 silly audit   jsonfile: [ '4.0.0', '6.2.0' ],
29 silly audit   universalify: [ '0.1.2', '2.0.1' ],
29 silly audit   'has-property-descriptors': [ '1.0.2' ],
29 silly audit   'has-symbols': [ '1.1.0' ],
29 silly audit   'has-tostringtag': [ '1.0.2' ],
29 silly audit   'hash-base': [ '3.1.2' ],
29 silly audit   'hash.js': [ '1.1.7' ],
29 silly audit   hasown: [ '2.0.2' ],
29 silly audit   he: [ '1.2.0' ],
29 silly audit   heap: [ '0.2.7' ],
29 silly audit   'hmac-drbg': [ '1.0.1' ],
29 silly audit   'http-basic': [ '8.1.3' ],
29 silly audit   'http-errors': [ '2.0.0' ],
29 silly audit   'http-response-object': [ '3.0.2' ],
29 silly audit   'https-proxy-agent': [ '5.0.1' ],
29 silly audit   'iconv-lite': [ '0.4.24' ],
29 silly audit   ignore: [ '5.3.2' ],
29 silly audit   immer: [ '10.0.2' ],
29 silly audit   immutable: [ '4.3.7' ],
29 silly audit   'indent-string': [ '4.0.0' ],
29 silly audit   inflight: [ '1.0.6' ],
29 silly audit   inherits: [ '2.0.4' ],
29 silly audit   ini: [ '1.3.8' ],
29 silly audit   interpret: [ '1.4.0' ],
29 silly audit   'io-ts': [ '1.10.4' ],
29 silly audit   'is-binary-path': [ '2.1.0' ],
29 silly audit   'is-callable': [ '1.2.7' ],
29 silly audit   'is-extglob': [ '2.1.1' ],
29 silly audit   'is-glob': [ '4.0.3' ],
29 silly audit   'is-hex-prefixed': [ '1.0.0' ],
29 silly audit   'is-number': [ '7.0.0' ],
29 silly audit   'is-plain-obj': [ '2.1.0' ],
29 silly audit   'is-typed-array': [ '1.1.15' ],
29 silly audit   'is-unicode-supported': [ '0.1.0' ],
29 silly audit   isexe: [ '2.0.0' ],
29 silly audit   'js-sha3': [ '0.8.0' ],
29 silly audit   'js-yaml': [ '4.1.0', '3.14.1' ],
29 silly audit   'json-schema-traverse': [ '1.0.0' ],
29 silly audit   'json-stream-stringify': [ '3.1.6' ],
29 silly audit   'json-stringify-safe': [ '5.0.1' ],
29 silly audit   json5: [ '2.2.3' ],
29 silly audit   jsonschema: [ '1.5.0' ],
29 silly audit   keccak: [ '3.0.4' ],
29 silly audit   'kind-of': [ '6.0.3' ],
29 silly audit   kleur: [ '3.0.3' ],
29 silly audit   levn: [ '0.3.0' ],
29 silly audit   'locate-path': [ '6.0.0' ],
29 silly audit   lodash: [ '4.17.21' ],
29 silly audit   'lodash.camelcase': [ '4.3.0' ],
29 silly audit   'lodash.clonedeep': [ '4.5.0' ],
29 silly audit   'lodash.isequal': [ '4.5.0' ],
29 silly audit   'lodash.truncate': [ '4.4.2' ],
29 silly audit   'log-symbols': [ '4.1.0' ],
29 silly audit   loupe: [ '2.3.7' ],
29 silly audit   lru_map: [ '0.3.3' ],
29 silly audit   'make-error': [ '1.3.6' ],
29 silly audit   'markdown-table': [ '1.1.3' ],
29 silly audit   'math-intrinsics': [ '1.1.0' ],
29 silly audit   'md5.js': [ '1.3.5' ],
29 silly audit   memorystream: [ '0.3.1' ],
29 silly audit   merge2: [ '1.4.1' ],
29 silly audit   'micro-eth-signer': [ '0.14.0' ],
29 silly audit   'micro-ftch': [ '0.3.1' ],
29 silly audit   'micro-packed': [ '0.7.3' ],
29 silly audit   micromatch: [ '4.0.8' ],
29 silly audit   'mime-db': [ '1.52.0' ],
29 silly audit   'mime-types': [ '2.1.35' ],
29 silly audit   'minimalistic-assert': [ '1.0.1' ],
29 silly audit   'minimalistic-crypto-utils': [ '1.0.1' ],
29 silly audit   minimist: [ '1.2.8' ],
29 silly audit   mkdirp: [ '0.5.6', '1.0.4' ],
29 silly audit   mnemonist: [ '0.38.5' ],
29 silly audit   mocha: [ '10.8.2' ],
29 silly audit   readdirp: [ '3.6.0', '4.1.2' ],
29 silly audit   ms: [ '2.1.3' ],
29 silly audit   ndjson: [ '2.0.0' ],
29 silly audit   'neo-async': [ '2.6.2' ],
29 silly audit   'node-addon-api': [ '2.0.2', '5.1.0' ],
29 silly audit   'node-emoji': [ '1.11.0' ],
29 silly audit   'node-gyp-build': [ '4.8.4' ],
29 silly audit   nofilter: [ '3.1.0' ],
29 silly audit   nopt: [ '3.0.6' ],
29 silly audit   'normalize-path': [ '3.0.0' ],
29 silly audit   'number-to-bn': [ '1.7.0' ],
29 silly audit   'object-assign': [ '4.1.1' ],
29 silly audit   'object-inspect': [ '1.13.4' ],
29 silly audit   obliterator: [ '2.0.5' ],
29 silly audit   once: [ '1.4.0' ],
29 silly audit   optionator: [ '0.8.3' ],
29 silly audit   ordinal: [ '1.0.3' ],
29 silly audit   'os-tmpdir': [ '1.0.2' ],
29 silly audit   'p-limit': [ '3.1.0' ],
29 silly audit   'p-locate': [ '5.0.0' ],
29 silly audit   'p-map': [ '4.0.0' ],
29 silly audit   'parse-cache-control': [ '1.0.1' ],
29 silly audit   'path-exists': [ '4.0.0' ],
29 silly audit   'path-is-absolute': [ '1.0.1' ],
29 silly audit   'path-parse': [ '1.0.7' ],
29 silly audit   'path-type': [ '4.0.0' ],
29 silly audit   pathval: [ '1.1.1' ],
29 silly audit   pbkdf2: [ '3.1.5' ],
29 silly audit   picocolors: [ '1.1.1' ],
29 silly audit   picomatch: [ '2.3.1', '4.0.3' ],
29 silly audit   pify: [ '4.0.1' ],
29 silly audit   'possible-typed-array-names': [ '1.1.0' ],
29 silly audit   'prelude-ls': [ '1.1.2' ],
29 silly audit   prettier: [ '2.8.8' ],
29 silly audit   'process-nextick-args': [ '2.0.1' ],
29 silly audit   promise: [ '8.3.0' ],
29 silly audit   prompts: [ '2.4.2' ],
29 silly audit   'proxy-from-env': [ '1.1.0' ],
29 silly audit   qs: [ '6.14.0' ],
29 silly audit   'queue-microtask': [ '1.2.3' ],
29 silly audit   randombytes: [ '2.1.0' ],
29 silly audit   'raw-body': [ '2.5.2' ],
29 silly audit   rechoir: [ '0.6.2' ],
29 silly audit   'recursive-readdir': [ '2.2.3' ],
29 silly audit   'reduce-flatten': [ '2.0.0' ],
29 silly audit   'req-cwd': [ '2.0.0' ],
29 silly audit   'req-from': [ '2.0.0' ],
29 silly audit   'require-directory': [ '2.1.1' ],
29 silly audit   'require-from-string': [ '2.0.2' ],
29 silly audit   resolve: [ '1.17.0', '1.1.7' ],
29 silly audit   'resolve-from': [ '3.0.0' ],
29 silly audit   reusify: [ '1.1.0' ],
29 silly audit   ripemd160: [ '2.0.3' ],
29 silly audit   rlp: [ '2.2.7' ],
29 silly audit   'run-parallel': [ '1.2.0' ],
29 silly audit   'safer-buffer': [ '2.1.2' ],
29 silly audit   'sc-istanbul': [ '0.4.6' ],
29 silly audit   'scrypt-js': [ '3.0.1' ],
29 silly audit   secp256k1: [ '4.0.4' ],
29 silly audit   semver: [ '6.3.1', '5.7.2', '7.7.3' ],
29 silly audit   'serialize-javascript': [ '6.0.2' ],
29 silly audit   'set-function-length': [ '1.2.2' ],
29 silly audit   setimmediate: [ '1.0.5' ],
29 silly audit   setprototypeof: [ '1.2.0' ],
29 silly audit   'sha.js': [ '2.4.12' ],
29 silly audit   sha1: [ '1.1.1' ],
29 silly audit   shelljs: [ '0.8.5' ],
29 silly audit   'side-channel': [ '1.1.0' ],
29 silly audit   'side-channel-list': [ '1.0.0' ],
29 silly audit   'side-channel-map': [ '1.0.1' ],
29 silly audit   'side-channel-weakmap': [ '1.0.2' ],
29 silly audit   sisteransi: [ '1.0.5' ],
29 silly audit   slash: [ '3.0.0' ],
29 silly audit   'slice-ansi': [ '4.0.0' ],
29 silly audit   solc: [ '0.8.26' ],
29 silly audit   'solidity-comments-darwin-arm64': [ '0.1.1' ],
29 silly audit   'solidity-comments-linux-x64-gnu': [ '0.1.1' ],
29 silly audit   'solidity-coverage': [ '0.8.16' ],
29 silly audit   'source-map-support': [ '0.5.21' ],
29 silly audit   split2: [ '3.2.2' ],
29 silly audit   'sprintf-js': [ '1.0.3' ],
29 silly audit   'stacktrace-parser': [ '0.1.11' ],
29 silly audit   statuses: [ '2.0.1' ],
29 silly audit   'string-format': [ '2.0.0' ],
29 silly audit   'strip-hex-prefix': [ '1.0.0' ],
29 silly audit   'strip-json-comments': [ '3.1.1' ],
29 silly audit   'sync-request': [ '6.1.0' ],
29 silly audit   'sync-rpc': [ '1.3.6' ],
29 silly audit   table: [ '6.9.0' ],
29 silly audit   'table-layout': [ '1.0.2' ],
29 silly audit   'then-request': [ '6.0.2' ],
29 silly audit   through2: [ '4.0.2' ],
29 silly audit   tinyglobby: [ '0.2.15' ],
29 silly audit   fdir: [ '6.5.0' ],
29 silly audit   tmp: [ '0.0.33' ],
29 silly audit   'to-buffer': [ '1.2.2' ],
29 silly audit   'to-regex-range': [ '5.0.1' ],
29 silly audit   toidentifier: [ '1.0.1' ],
29 silly audit   'ts-command-line-args': [ '2.5.1' ],
29 silly audit   'ts-essentials': [ '7.0.3' ],
29 silly audit   'ts-node': [ '10.9.2' ],
29 silly audit   tsort: [ '0.0.1' ],
29 silly audit   'type-check': [ '0.3.2' ],
29 silly audit   'type-detect': [ '4.1.0' ],
29 silly audit   typechain: [ '8.3.2' ],
29 silly audit   'typed-array-buffer': [ '1.0.3' ],
29 silly audit   typedarray: [ '0.0.6' ],
29 silly audit   typescript: [ '5.9.3' ],
29 silly audit   'uglify-js': [ '3.19.3' ],
29 silly audit   undici: [ '5.29.0' ],
29 silly audit   unpipe: [ '1.0.0' ],
29 silly audit   utf8: [ '3.0.0' ],
29 silly audit   'util-deprecate': [ '1.0.2' ],
29 silly audit   uuid: [ '8.3.2' ],
29 silly audit   'v8-compile-cache-lib': [ '3.0.1' ],
29 silly audit   'web3-utils': [ '1.10.4' ],
29 silly audit   which: [ '1.3.1' ],
29 silly audit   'which-typed-array': [ '1.1.19' ],
29 silly audit   'widest-line': [ '3.1.0' ],
29 silly audit   'word-wrap': [ '1.2.5' ],
29 silly audit   wordwrap: [ '1.0.0' ],
29 silly audit   wordwrapjs: [ '4.0.1' ],
29 silly audit   workerpool: [ '6.5.1' ],
29 silly audit   'wrap-ansi': [ '7.0.0' ],
29 silly audit   wrappy: [ '1.0.2' ],
29 silly audit   y18n: [ '5.0.8' ],
29 silly audit   yargs: [ '16.2.0' ],
29 silly audit   'yargs-parser': [ '20.2.9' ],
29 silly audit   'yargs-unparser': [ '2.0.0' ],
29 silly audit   yn: [ '3.1.1' ],
29 silly audit   'yocto-queue': [ '0.1.0' ],
29 silly audit   '@zama-fhe/oracle-solidity': [ '0.1.0' ],
29 silly audit   '@openzeppelin/contracts-upgradeable': [ '5.4.0' ]
29 silly audit }
30 verbose reify failed optional dependency /Users/toolboxb/Desktop/ZAMA/十一月项目/戒烟戒酒/action/contracts/node_modules/solidity-comments-linux-x64-gnu
31 silly reify mark deleted [
31 silly reify   '/Users/toolboxb/Desktop/ZAMA/十一月项目/戒烟戒酒/action/contracts/node_modules/solidity-comments-linux-x64-gnu'
31 silly reify ]
32 silly tarball no local data for @zama-fhe/oracle-solidity@https://registry.npmjs.org/@zama-fhe/oracle-solidity/-/oracle-solidity-0.1.0.tgz. Extracting by manifest.
33 silly tarball no local data for @openzeppelin/contracts-upgradeable@https://registry.npmjs.org/@openzeppelin/contracts-upgradeable/-/contracts-upgradeable-5.4.0.tgz. Extracting by manifest.
34 http fetch POST 200 https://registry.npmjs.org/-/npm/v1/security/advisories/bulk 277ms
35 silly audit report {
35 silly audit report   cookie: [
35 silly audit report     {
35 silly audit report       id: 1103907,
35 silly audit report       url: 'https://github.com/advisories/GHSA-pxg6-pf52-xh8x',
35 silly audit report       title: 'cookie accepts cookie name, path, and domain with out of bounds characters',
35 silly audit report       severity: 'low',
35 silly audit report       vulnerable_versions: '<0.7.0',
35 silly audit report       cwe: [Array],
35 silly audit report       cvss: [Object]
35 silly audit report     }
35 silly audit report   ],
35 silly audit report   tmp: [
35 silly audit report     {
35 silly audit report       id: 1109537,
35 silly audit report       url: 'https://github.com/advisories/GHSA-52f5-9888-hmc6',
35 silly audit report       title: 'tmp allows arbitrary temporary file / directory write via symbolic link `dir` parameter',
35 silly audit report       severity: 'low',
35 silly audit report       vulnerable_versions: '<=0.2.3',
35 silly audit report       cwe: [Array],
35 silly audit report       cvss: [Object]
35 silly audit report     }
35 silly audit report   ]
35 silly audit report }
36 silly packumentCache corgi:https://registry.npmjs.org/cookie cache-miss
37 silly packumentCache corgi:https://registry.npmjs.org/tmp cache-miss
38 http fetch GET 200 https://registry.npmjs.org/cookie 5ms (cache hit)
39 silly packumentCache corgi:https://registry.npmjs.org/cookie set size:22175 disposed:false
40 http fetch GET 200 https://registry.npmjs.org/tmp 4ms (cache hit)
41 silly packumentCache corgi:https://registry.npmjs.org/tmp set size:23979 disposed:false
42 silly packumentCache corgi:https://registry.npmjs.org/@sentry%2fnode cache-miss
43 http fetch GET 200 https://registry.npmjs.org/@sentry%2fnode 3ms (cache hit)
44 silly packumentCache corgi:https://registry.npmjs.org/@sentry%2fnode set size:1158189 disposed:false
45 silly packumentCache corgi:https://registry.npmjs.org/solc cache-miss
46 http fetch GET 200 https://registry.npmjs.org/solc 1ms (cache hit)
47 silly packumentCache corgi:https://registry.npmjs.org/solc set size:155560 disposed:false
48 silly packumentCache corgi:https://registry.npmjs.org/hardhat cache-miss
49 http fetch GET 200 https://registry.npmjs.org/hardhat 2ms (cache hit)
50 silly packumentCache corgi:https://registry.npmjs.org/hardhat set size:659129 disposed:false
51 silly packumentCache corgi:https://registry.npmjs.org/@nomicfoundation%2fhardhat-chai-matchers cache-miss
52 silly packumentCache corgi:https://registry.npmjs.org/@nomicfoundation%2fhardhat-ethers cache-miss
53 silly packumentCache corgi:https://registry.npmjs.org/@nomicfoundation%2fhardhat-ignition cache-miss
54 silly packumentCache corgi:https://registry.npmjs.org/@nomicfoundation%2fhardhat-ignition-ethers cache-miss
55 silly packumentCache corgi:https://registry.npmjs.org/@nomicfoundation%2fhardhat-network-helpers cache-miss
56 silly packumentCache corgi:https://registry.npmjs.org/@nomicfoundation%2fhardhat-toolbox cache-miss
57 silly packumentCache corgi:https://registry.npmjs.org/@nomicfoundation%2fhardhat-verify cache-miss
58 silly packumentCache corgi:https://registry.npmjs.org/@typechain%2fhardhat cache-miss
59 silly packumentCache corgi:https://registry.npmjs.org/hardhat-gas-reporter cache-miss
60 silly packumentCache corgi:https://registry.npmjs.org/solidity-coverage cache-miss
61 http fetch GET 200 https://registry.npmjs.org/@nomicfoundation%2fhardhat-toolbox 5ms (cache hit)
62 silly packumentCache corgi:https://registry.npmjs.org/@nomicfoundation%2fhardhat-toolbox set size:39769 disposed:false
63 http fetch GET 200 https://registry.npmjs.org/@nomicfoundation%2fhardhat-ethers 6ms (cache hit)
64 silly packumentCache corgi:https://registry.npmjs.org/@nomicfoundation%2fhardhat-ethers set size:66971 disposed:false
65 http fetch GET 200 https://registry.npmjs.org/@nomicfoundation%2fhardhat-network-helpers 7ms (cache hit)
66 silly packumentCache corgi:https://registry.npmjs.org/@nomicfoundation%2fhardhat-network-helpers set size:89603 disposed:false
67 http fetch GET 200 https://registry.npmjs.org/solidity-coverage 6ms (cache hit)
68 silly packumentCache corgi:https://registry.npmjs.org/solidity-coverage set size:225497 disposed:false
69 http fetch GET 200 https://registry.npmjs.org/@nomicfoundation%2fhardhat-chai-matchers 9ms (cache hit)
70 silly packumentCache corgi:https://registry.npmjs.org/@nomicfoundation%2fhardhat-chai-matchers set size:54267 disposed:false
71 http fetch GET 200 https://registry.npmjs.org/@nomicfoundation%2fhardhat-ignition 9ms (cache hit)
72 silly packumentCache corgi:https://registry.npmjs.org/@nomicfoundation%2fhardhat-ignition set size:114635 disposed:false
73 http fetch GET 200 https://registry.npmjs.org/@nomicfoundation%2fhardhat-ignition-ethers 9ms (cache hit)
74 silly packumentCache corgi:https://registry.npmjs.org/@nomicfoundation%2fhardhat-ignition-ethers set size:89817 disposed:false
75 http fetch GET 200 https://registry.npmjs.org/hardhat-gas-reporter 9ms (cache hit)
76 silly packumentCache corgi:https://registry.npmjs.org/hardhat-gas-reporter set size:72043 disposed:false
77 http fetch GET 200 https://registry.npmjs.org/@nomicfoundation%2fhardhat-verify 9ms (cache hit)
78 silly packumentCache corgi:https://registry.npmjs.org/@nomicfoundation%2fhardhat-verify set size:81444 disposed:false
79 http fetch GET 200 https://registry.npmjs.org/@typechain%2fhardhat 10ms (cache hit)
80 silly packumentCache corgi:https://registry.npmjs.org/@typechain%2fhardhat set size:48306 disposed:false
81 http fetch GET 200 https://registry.npmjs.org/@zama-fhe/oracle-solidity/-/oracle-solidity-0.1.0.tgz 1130ms (cache miss)
82 http fetch GET 200 https://registry.npmjs.org/@openzeppelin/contracts-upgradeable/-/contracts-upgradeable-5.4.0.tgz 1592ms (cache miss)
83 silly ADD node_modules/@openzeppelin/contracts-upgradeable
84 silly ADD node_modules/@zama-fhe/oracle-solidity
85 silly ADD
86 silly ADD node_modules/fsevents
87 verbose cwd /Users/toolboxb/Desktop/ZAMA/十一月项目/戒烟戒酒/action/contracts
88 verbose os Darwin 24.6.0
89 verbose node v20.19.5
90 verbose npm  v10.8.2
91 verbose exit 0
92 info ok
